<?xml version="1.0" encoding="utf-8"?><testsuites name="pytest tests"><testsuite name="pytest" errors="0" failures="0" skipped="0" tests="58" time="20.065" timestamp="2026-09-11T19:41:55.164900+00:00" hostname="agent-env-3b75d911-10e7-496e-a445-807079983a9f"><testcase classname="backend.tests.test_deployment_fixes.TestEntitlementMockFlag" name="test_mock_endpoint_returns_200_when_flag_enabled" time="0.273" /><testcase classname="backend.tests.test_deployment_fixes.TestEntitlementMockFlag" name="test_mock_endpoint_404_when_flag_removed" time="5.073" /><testcase classname="backend.tests.test_deployment_fixes.TestEntitlementMockFlag" name="test_get_entitlement_works_regardless_of_flag" time="0.167" /><testcase classname="backend.tests.test_deployment_fixes.TestStaticConfig" name="test_app_json_valid_and_has_apple_signin" time="0.000" /><testcase classname="backend.tests.test_deployment_fixes.TestStaticConfig" name="test_gitignore_no_standalone_env_patterns" time="0.000" /><testcase classname="backend.tests.test_deployment_fixes.TestStaticConfig" name="test_frontend_env_metro_cache_root_quoted" time="0.000" /><testcase classname="backend.tests.test_deployment_fixes.TestStaticConfig" name="test_server_py_default_allow_mock_is_zero" time="0.000" /><testcase classname="backend.tests.test_deployment_fixes.TestStaticConfig" name="test_backend_env_has_allow_mock_enabled" time="0.000" /><testcase classname="backend.tests.test_entitlements.TestEntitlementAuth" name="test_get_entitlement_requires_auth" time="0.195" /><testcase classname="backend.tests.test_entitlements.TestEntitlementAuth" name="test_mock_entitlement_requires_auth" time="0.160" /><testcase classname="backend.tests.test_entitlements.TestEntitlementAuth" name="test_mock_entitlement_bad_token" time="0.142" /><testcase classname="backend.tests.test_entitlements.TestEntitlementDefaults" name="test_new_user_get_entitlement_is_free" time="0.302" /><testcase classname="backend.tests.test_entitlements.TestEntitlementDefaults" name="test_new_user_auth_me_has_free_entitlement" time="0.194" /><testcase classname="backend.tests.test_entitlements.TestEntitlementMock" name="test_mock_unlock_annual_sets_premium" time="0.256" /><testcase classname="backend.tests.test_entitlements.TestEntitlementMock" name="test_mock_unlock_monthly_sets_premium" time="0.243" /><testcase classname="backend.tests.test_entitlements.TestEntitlementMock" name="test_mock_unlock_persists_across_get" time="0.433" /><testcase classname="backend.tests.test_entitlements.TestEntitlementMock" name="test_mock_downgrade_clears_entitlement" time="0.549" /><testcase classname="backend.tests.test_entitlements.TestEntitlementMock" name="test_mock_unlock_without_product_defaults_monthly" time="0.260" /><testcase classname="backend.tests.test_entitlements.TestEntitlementBackwardCompat" name="test_auth_me_survives_legacy_user_doc" time="0.355" /><testcase classname="backend.tests.test_entitlements.TestEntitlementExpiry" name="test_expired_premium_is_reported_as_free" time="0.228" /><testcase classname="backend.tests.test_entitlements.TestEntitlementExpiry" name="test_active_trial_grants_premium_even_if_entitlement_free" time="0.222" /><testcase classname="backend.tests.test_entitlements.TestLegacyRegression" name="test_phases_still_works" time="0.265" /><testcase classname="backend.tests.test_entitlements.TestLegacyRegression" name="test_journal_list_still_works" time="0.254" /><testcase classname="backend.tests.test_entitlements.TestLegacyRegression" name="test_journal_prompt_still_works" time="0.280" /><testcase classname="backend.tests.test_entitlements.TestLegacyRegression" name="test_dashboard_still_works" time="0.246" /><testcase classname="backend.tests.test_entitlements.TestLegacyRegression" name="test_memory_path_still_works" time="0.297" /><testcase classname="backend.tests.test_security_fixes.TestSEC001MockEndpointAllowlist" name="test_allowlisted_domain_can_use_mock" time="0.566" /><testcase classname="backend.tests.test_security_fixes.TestSEC001MockEndpointAllowlist" name="test_non_allowlisted_email_gets_404" time="0.251" /><testcase classname="backend.tests.test_security_fixes.TestSEC002GitignoreEnvPaths" name="test_gitignore_contains_backend_and_frontend_env" time="0.000" /><testcase classname="backend.tests.test_security_fixes.TestSEC003PhasesAdvancePremiumEnforcement" name="test_phase_0_to_1_free_user_succeeds" time="0.413" /><testcase classname="backend.tests.test_security_fixes.TestSEC003PhasesAdvancePremiumEnforcement" name="test_phase_1_to_2_free_user_gets_402" time="1.179" /><testcase classname="backend.tests.test_security_fixes.TestSEC003PhasesAdvancePremiumEnforcement" name="test_phase_1_to_2_premium_user_succeeds" time="1.350" /><testcase classname="backend.tests.test_security_fixes.TestP3IssuerPinning" name="test_correct_issuer_accepted" time="0.157" /><testcase classname="backend.tests.test_security_fixes.TestP3IssuerPinning" name="test_wrong_issuer_rejected" time="0.193" /><testcase classname="backend.tests.test_security_fixes.TestP3ClockSkewLeeway" name="test_token_expired_5s_ago_still_works_due_to_leeway" time="0.152" /><testcase classname="backend.tests.test_security_fixes.TestRegressionGetEntitlement" name="test_get_entitlement_works_for_allowlisted_user" time="0.205" /><testcase classname="backend.tests.test_security_fixes.TestRegressionGetEntitlement" name="test_get_entitlement_works_for_non_allowlisted_user" time="0.144" /><testcase classname="backend.tests.test_security_fixes.TestRegressionAuthMeWithIssClaim" name="test_auth_me_with_iss_claim" time="0.154" /><testcase classname="backend.tests.test_supabase_auth_and_endpoints.TestJwtValidation" name="test_no_authorization_header_returns_401" time="0.135" /><testcase classname="backend.tests.test_supabase_auth_and_endpoints.TestJwtValidation" name="test_invalid_garbage_token_returns_401" time="0.124" /><testcase classname="backend.tests.test_supabase_auth_and_endpoints.TestJwtValidation" name="test_wrong_secret_returns_401" time="0.186" /><testcase classname="backend.tests.test_supabase_auth_and_endpoints.TestJwtValidation" name="test_wrong_audience_returns_401" time="0.161" /><testcase classname="backend.tests.test_supabase_auth_and_endpoints.TestJwtValidation" name="test_expired_token_returns_401" time="0.165" /><testcase classname="backend.tests.test_supabase_auth_and_endpoints.TestJwtValidation" name="test_missing_bearer_prefix_returns_401" time="0.137" /><testcase classname="backend.tests.test_supabase_auth_and_endpoints.TestJwtValidation" name="test_valid_token_returns_user" time="0.172" /><testcase classname="backend.tests.test_supabase_auth_and_endpoints.TestUpsertAndIdempotency" name="test_first_call_creates_user_document" time="0.217" /><testcase classname="backend.tests.test_supabase_auth_and_endpoints.TestUpsertAndIdempotency" name="test_name_falls_back_to_email_prefix_when_missing" time="0.175" /><testcase classname="backend.tests.test_supabase_auth_and_endpoints.TestUpsertAndIdempotency" name="test_idempotent_repeat_calls_no_duplicate" time="0.340" /><testcase classname="backend.tests.test_supabase_auth_and_endpoints.TestProfilePersistence" name="test_put_profile_persists" time="0.394" /><testcase classname="backend.tests.test_supabase_auth_and_endpoints.TestEndpointSanity" name="test_journal_create_list_update" time="0.561" /><testcase classname="backend.tests.test_supabase_auth_and_endpoints.TestEndpointSanity" name="test_journal_prompt" time="0.183" /><testcase classname="backend.tests.test_supabase_auth_and_endpoints.TestEndpointSanity" name="test_dashboard_returns_context" time="0.191" /><testcase classname="backend.tests.test_supabase_auth_and_endpoints.TestEndpointSanity" name="test_memory_path_new_user" time="0.274" /><testcase classname="backend.tests.test_supabase_auth_and_endpoints.TestEndpointSanity" name="test_phases_returns_four" time="0.185" /><testcase classname="backend.tests.test_supabase_auth_and_endpoints.TestEndpointSanity" name="test_safety_contacts_create_and_list" time="0.657" /><testcase classname="backend.tests.test_supabase_auth_and_endpoints.TestEndpointSanity" name="test_somatic_practices_seeded" time="0.242" /><testcase classname="backend.tests.test_supabase_auth_and_endpoints.TestRemovedEndpoints" name="test_auth_session_removed" time="0.135" /><testcase classname="backend.tests.test_supabase_auth_and_endpoints.TestRemovedEndpoints" name="test_auth_logout_removed" time="0.200" /></testsuite></testsuites>