<?xml version="1.0" encoding="utf-8"?><testsuites name="pytest tests"><testsuite name="pytest" errors="0" failures="0" skipped="0" tests="38" time="5.292" timestamp="2026-07-03T11:01:34.432103+00:00" hostname="agent-env-3b75d911-10e7-496e-a445-807079983a9f"><testcase classname="tests.test_entitlements.TestEntitlementAuth" name="test_get_entitlement_requires_auth" time="0.126" /><testcase classname="tests.test_entitlements.TestEntitlementAuth" name="test_mock_entitlement_requires_auth" time="0.103" /><testcase classname="tests.test_entitlements.TestEntitlementAuth" name="test_mock_entitlement_bad_token" time="0.099" /><testcase classname="tests.test_entitlements.TestEntitlementDefaults" name="test_new_user_get_entitlement_is_free" time="0.145" /><testcase classname="tests.test_entitlements.TestEntitlementDefaults" name="test_new_user_auth_me_has_free_entitlement" time="0.107" /><testcase classname="tests.test_entitlements.TestEntitlementMock" name="test_mock_unlock_annual_sets_premium" time="0.147" /><testcase classname="tests.test_entitlements.TestEntitlementMock" name="test_mock_unlock_monthly_sets_premium" time="0.157" /><testcase classname="tests.test_entitlements.TestEntitlementMock" name="test_mock_unlock_persists_across_get" time="0.265" /><testcase classname="tests.test_entitlements.TestEntitlementMock" name="test_mock_downgrade_clears_entitlement" time="0.227" /><testcase classname="tests.test_entitlements.TestEntitlementMock" name="test_mock_unlock_without_product_defaults_monthly" time="0.138" /><testcase classname="tests.test_entitlements.TestEntitlementBackwardCompat" name="test_auth_me_survives_legacy_user_doc" time="0.172" /><testcase classname="tests.test_entitlements.TestEntitlementExpiry" name="test_expired_premium_is_reported_as_free" time="0.148" /><testcase classname="tests.test_entitlements.TestEntitlementExpiry" name="test_active_trial_grants_premium_even_if_entitlement_free" time="0.143" /><testcase classname="tests.test_entitlements.TestLegacyRegression" name="test_phases_still_works" time="0.158" /><testcase classname="tests.test_entitlements.TestLegacyRegression" name="test_journal_list_still_works" time="0.131" /><testcase classname="tests.test_entitlements.TestLegacyRegression" name="test_journal_prompt_still_works" time="0.142" /><testcase classname="tests.test_entitlements.TestLegacyRegression" name="test_dashboard_still_works" time="0.141" /><testcase classname="tests.test_entitlements.TestLegacyRegression" name="test_memory_path_still_works" time="0.151" /><testcase classname="tests.test_supabase_auth_and_endpoints.TestJwtValidation" name="test_no_authorization_header_returns_401" time="0.090" /><testcase classname="tests.test_supabase_auth_and_endpoints.TestJwtValidation" name="test_invalid_garbage_token_returns_401" time="0.091" /><testcase classname="tests.test_supabase_auth_and_endpoints.TestJwtValidation" name="test_wrong_secret_returns_401" time="0.101" /><testcase classname="tests.test_supabase_auth_and_endpoints.TestJwtValidation" name="test_wrong_audience_returns_401" time="0.095" /><testcase classname="tests.test_supabase_auth_and_endpoints.TestJwtValidation" name="test_expired_token_returns_401" time="0.090" /><testcase classname="tests.test_supabase_auth_and_endpoints.TestJwtValidation" name="test_missing_bearer_prefix_returns_401" time="0.092" /><testcase classname="tests.test_supabase_auth_and_endpoints.TestJwtValidation" name="test_valid_token_returns_user" time="0.096" /><testcase classname="tests.test_supabase_auth_and_endpoints.TestUpsertAndIdempotency" name="test_first_call_creates_user_document" time="0.156" /><testcase classname="tests.test_supabase_auth_and_endpoints.TestUpsertAndIdempotency" name="test_name_falls_back_to_email_prefix_when_missing" time="0.130" /><testcase classname="tests.test_supabase_auth_and_endpoints.TestUpsertAndIdempotency" name="test_idempotent_repeat_calls_no_duplicate" time="0.185" /><testcase classname="tests.test_supabase_auth_and_endpoints.TestProfilePersistence" name="test_put_profile_persists" time="0.184" /><testcase classname="tests.test_supabase_auth_and_endpoints.TestEndpointSanity" name="test_journal_create_list_update" time="0.234" /><testcase classname="tests.test_supabase_auth_and_endpoints.TestEndpointSanity" name="test_journal_prompt" time="0.102" /><testcase classname="tests.test_supabase_auth_and_endpoints.TestEndpointSanity" name="test_dashboard_returns_context" time="0.096" /><testcase classname="tests.test_supabase_auth_and_endpoints.TestEndpointSanity" name="test_memory_path_new_user" time="0.141" /><testcase classname="tests.test_supabase_auth_and_endpoints.TestEndpointSanity" name="test_phases_returns_four" time="0.093" /><testcase classname="tests.test_supabase_auth_and_endpoints.TestEndpointSanity" name="test_safety_contacts_create_and_list" time="0.223" /><testcase classname="tests.test_supabase_auth_and_endpoints.TestEndpointSanity" name="test_somatic_practices_seeded" time="0.102" /><testcase classname="tests.test_supabase_auth_and_endpoints.TestRemovedEndpoints" name="test_auth_session_removed" time="0.126" /><testcase classname="tests.test_supabase_auth_and_endpoints.TestRemovedEndpoints" name="test_auth_logout_removed" time="0.104" /></testsuite></testsuites>