<?xml version="1.0" encoding="utf-8"?><testsuites name="pytest tests"><testsuite name="pytest" errors="0" failures="0" skipped="0" tests="20" time="2.653" timestamp="2026-07-03T10:22:31.644019+00:00" hostname="agent-env-3b75d911-10e7-496e-a445-807079983a9f"><testcase classname="tests.test_supabase_auth_and_endpoints.TestJwtValidation" name="test_no_authorization_header_returns_401" time="0.104" /><testcase classname="tests.test_supabase_auth_and_endpoints.TestJwtValidation" name="test_invalid_garbage_token_returns_401" time="0.123" /><testcase classname="tests.test_supabase_auth_and_endpoints.TestJwtValidation" name="test_wrong_secret_returns_401" time="0.096" /><testcase classname="tests.test_supabase_auth_and_endpoints.TestJwtValidation" name="test_wrong_audience_returns_401" time="0.131" /><testcase classname="tests.test_supabase_auth_and_endpoints.TestJwtValidation" name="test_expired_token_returns_401" time="0.113" /><testcase classname="tests.test_supabase_auth_and_endpoints.TestJwtValidation" name="test_missing_bearer_prefix_returns_401" time="0.089" /><testcase classname="tests.test_supabase_auth_and_endpoints.TestJwtValidation" name="test_valid_token_returns_user" time="0.104" /><testcase classname="tests.test_supabase_auth_and_endpoints.TestUpsertAndIdempotency" name="test_first_call_creates_user_document" time="0.133" /><testcase classname="tests.test_supabase_auth_and_endpoints.TestUpsertAndIdempotency" name="test_name_falls_back_to_email_prefix_when_missing" time="0.097" /><testcase classname="tests.test_supabase_auth_and_endpoints.TestUpsertAndIdempotency" name="test_idempotent_repeat_calls_no_duplicate" time="0.202" /><testcase classname="tests.test_supabase_auth_and_endpoints.TestProfilePersistence" name="test_put_profile_persists" time="0.187" /><testcase classname="tests.test_supabase_auth_and_endpoints.TestEndpointSanity" name="test_journal_create_list_update" time="0.240" /><testcase classname="tests.test_supabase_auth_and_endpoints.TestEndpointSanity" name="test_journal_prompt" time="0.106" /><testcase classname="tests.test_supabase_auth_and_endpoints.TestEndpointSanity" name="test_dashboard_returns_context" time="0.098" /><testcase classname="tests.test_supabase_auth_and_endpoints.TestEndpointSanity" name="test_memory_path_new_user" time="0.174" /><testcase classname="tests.test_supabase_auth_and_endpoints.TestEndpointSanity" name="test_phases_returns_four" time="0.092" /><testcase classname="tests.test_supabase_auth_and_endpoints.TestEndpointSanity" name="test_safety_contacts_create_and_list" time="0.188" /><testcase classname="tests.test_supabase_auth_and_endpoints.TestEndpointSanity" name="test_somatic_practices_seeded" time="0.133" /><testcase classname="tests.test_supabase_auth_and_endpoints.TestRemovedEndpoints" name="test_auth_session_removed" time="0.092" /><testcase classname="tests.test_supabase_auth_and_endpoints.TestRemovedEndpoints" name="test_auth_logout_removed" time="0.098" /></testsuite></testsuites>