<?xml version="1.0" encoding="utf-8"?><testsuites name="pytest tests"><testsuite name="pytest" errors="0" failures="0" skipped="0" tests="46" time="15.663" timestamp="2026-09-11T19:40:30.796466+00:00" hostname="agent-env-3b75d911-10e7-496e-a445-807079983a9f"><testcase classname="backend.tests.test_deployment_fixes.TestEntitlementMockFlag" name="test_mock_endpoint_returns_200_when_flag_enabled" time="0.462" /><testcase classname="backend.tests.test_deployment_fixes.TestEntitlementMockFlag" name="test_mock_endpoint_404_when_flag_removed" time="5.147" /><testcase classname="backend.tests.test_deployment_fixes.TestEntitlementMockFlag" name="test_get_entitlement_works_regardless_of_flag" time="0.140" /><testcase classname="backend.tests.test_deployment_fixes.TestStaticConfig" name="test_app_json_valid_and_has_apple_signin" time="0.000" /><testcase classname="backend.tests.test_deployment_fixes.TestStaticConfig" name="test_gitignore_no_standalone_env_patterns" time="0.000" /><testcase classname="backend.tests.test_deployment_fixes.TestStaticConfig" name="test_frontend_env_metro_cache_root_quoted" time="0.000" /><testcase classname="backend.tests.test_deployment_fixes.TestStaticConfig" name="test_server_py_default_allow_mock_is_zero" time="0.000" /><testcase classname="backend.tests.test_deployment_fixes.TestStaticConfig" name="test_backend_env_has_allow_mock_enabled" time="0.000" /><testcase classname="backend.tests.test_entitlements.TestEntitlementAuth" name="test_get_entitlement_requires_auth" time="0.159" /><testcase classname="backend.tests.test_entitlements.TestEntitlementAuth" name="test_mock_entitlement_requires_auth" time="0.168" /><testcase classname="backend.tests.test_entitlements.TestEntitlementAuth" name="test_mock_entitlement_bad_token" time="0.184" /><testcase classname="backend.tests.test_entitlements.TestEntitlementDefaults" name="test_new_user_get_entitlement_is_free" time="0.293" /><testcase classname="backend.tests.test_entitlements.TestEntitlementDefaults" name="test_new_user_auth_me_has_free_entitlement" time="0.180" /><testcase classname="backend.tests.test_entitlements.TestEntitlementMock" name="test_mock_unlock_annual_sets_premium" time="0.235" /><testcase classname="backend.tests.test_entitlements.TestEntitlementMock" name="test_mock_unlock_monthly_sets_premium" time="0.243" /><testcase classname="backend.tests.test_entitlements.TestEntitlementMock" name="test_mock_unlock_persists_across_get" time="0.397" /><testcase classname="backend.tests.test_entitlements.TestEntitlementMock" name="test_mock_downgrade_clears_entitlement" time="0.478" /><testcase classname="backend.tests.test_entitlements.TestEntitlementMock" name="test_mock_unlock_without_product_defaults_monthly" time="0.216" /><testcase classname="backend.tests.test_entitlements.TestEntitlementBackwardCompat" name="test_auth_me_survives_legacy_user_doc" time="0.273" /><testcase classname="backend.tests.test_entitlements.TestEntitlementExpiry" name="test_expired_premium_is_reported_as_free" time="0.275" /><testcase classname="backend.tests.test_entitlements.TestEntitlementExpiry" name="test_active_trial_grants_premium_even_if_entitlement_free" time="0.304" /><testcase classname="backend.tests.test_entitlements.TestLegacyRegression" name="test_phases_still_works" time="0.285" /><testcase classname="backend.tests.test_entitlements.TestLegacyRegression" name="test_journal_list_still_works" time="0.279" /><testcase classname="backend.tests.test_entitlements.TestLegacyRegression" name="test_journal_prompt_still_works" time="0.337" /><testcase classname="backend.tests.test_entitlements.TestLegacyRegression" name="test_dashboard_still_works" time="0.177" /><testcase classname="backend.tests.test_entitlements.TestLegacyRegression" name="test_memory_path_still_works" time="0.313" /><testcase classname="backend.tests.test_supabase_auth_and_endpoints.TestJwtValidation" name="test_no_authorization_header_returns_401" time="0.922" /><testcase classname="backend.tests.test_supabase_auth_and_endpoints.TestJwtValidation" name="test_invalid_garbage_token_returns_401" time="0.165" /><testcase classname="backend.tests.test_supabase_auth_and_endpoints.TestJwtValidation" name="test_wrong_secret_returns_401" time="0.168" /><testcase classname="backend.tests.test_supabase_auth_and_endpoints.TestJwtValidation" name="test_wrong_audience_returns_401" time="0.199" /><testcase classname="backend.tests.test_supabase_auth_and_endpoints.TestJwtValidation" name="test_expired_token_returns_401" time="0.169" /><testcase classname="backend.tests.test_supabase_auth_and_endpoints.TestJwtValidation" name="test_missing_bearer_prefix_returns_401" time="0.136" /><testcase classname="backend.tests.test_supabase_auth_and_endpoints.TestJwtValidation" name="test_valid_token_returns_user" time="0.185" /><testcase classname="backend.tests.test_supabase_auth_and_endpoints.TestUpsertAndIdempotency" name="test_first_call_creates_user_document" time="0.161" /><testcase classname="backend.tests.test_supabase_auth_and_endpoints.TestUpsertAndIdempotency" name="test_name_falls_back_to_email_prefix_when_missing" time="0.166" /><testcase classname="backend.tests.test_supabase_auth_and_endpoints.TestUpsertAndIdempotency" name="test_idempotent_repeat_calls_no_duplicate" time="0.340" /><testcase classname="backend.tests.test_supabase_auth_and_endpoints.TestProfilePersistence" name="test_put_profile_persists" time="0.379" /><testcase classname="backend.tests.test_supabase_auth_and_endpoints.TestEndpointSanity" name="test_journal_create_list_update" time="0.406" /><testcase classname="backend.tests.test_supabase_auth_and_endpoints.TestEndpointSanity" name="test_journal_prompt" time="0.156" /><testcase classname="backend.tests.test_supabase_auth_and_endpoints.TestEndpointSanity" name="test_dashboard_returns_context" time="0.147" /><testcase classname="backend.tests.test_supabase_auth_and_endpoints.TestEndpointSanity" name="test_memory_path_new_user" time="0.265" /><testcase classname="backend.tests.test_supabase_auth_and_endpoints.TestEndpointSanity" name="test_phases_returns_four" time="0.168" /><testcase classname="backend.tests.test_supabase_auth_and_endpoints.TestEndpointSanity" name="test_safety_contacts_create_and_list" time="0.384" /><testcase classname="backend.tests.test_supabase_auth_and_endpoints.TestEndpointSanity" name="test_somatic_practices_seeded" time="0.198" /><testcase classname="backend.tests.test_supabase_auth_and_endpoints.TestRemovedEndpoints" name="test_auth_session_removed" time="0.160" /><testcase classname="backend.tests.test_supabase_auth_and_endpoints.TestRemovedEndpoints" name="test_auth_logout_removed" time="0.178" /></testsuite></testsuites>