<?xml version="1.0" encoding="utf-8"?><testsuites name="pytest tests"><testsuite name="pytest" errors="0" failures="0" skipped="0" tests="16" time="4.160" timestamp="2026-07-03T09:35:40.092576+00:00" hostname="agent-env-3b75d911-10e7-496e-a445-807079983a9f"><testcase classname="tests.test_memory_path_and_context.TestDashboardContext" name="test_fresh_user_context" time="0.238" /><testcase classname="tests.test_memory_path_and_context.TestDashboardContext" name="test_context_after_journal_entry" time="0.170" /><testcase classname="tests.test_memory_path_and_context.TestMemoryPathList" name="test_requires_auth" time="0.129" /><testcase classname="tests.test_memory_path_and_context.TestMemoryPathList" name="test_empty_user_returns_empty_stones" time="0.128" /><testcase classname="tests.test_memory_path_and_context.TestMemoryPathList" name="test_one_journal_yields_first_stone" time="0.192" /><testcase classname="tests.test_memory_path_and_context.TestMemoryPathList" name="test_five_journals_yields_two_stones_ordered" time="0.347" /><testcase classname="tests.test_memory_path_and_context.TestMemoryPathList" name="test_four_weekly_checkins_add_checkin_stone" time="0.320" /><testcase classname="tests.test_memory_path_and_context.TestMemoryPathList" name="test_phase_stone_when_current_phase_gt_zero" time="0.133" /><testcase classname="tests.test_memory_path_and_context.TestMemoryStoneDetail" name="test_requires_auth" time="0.093" /><testcase classname="tests.test_memory_path_and_context.TestMemoryStoneDetail" name="test_invalid_stone_id_returns_404" time="0.098" /><testcase classname="tests.test_memory_path_and_context.TestMemoryStoneDetail" name="test_journal_stone_detail_has_entry" time="0.208" /><testcase classname="tests.test_memory_path_and_context.TestMemoryStoneDetail" name="test_checkin_stone_detail_has_entry" time="0.322" /><testcase classname="tests.test_memory_path_and_context.TestRegressionSanity" name="test_bad_session_id_still_401" time="1.413" /><testcase classname="tests.test_memory_path_and_context.TestRegressionSanity" name="test_auth_me_valid_bearer_200" time="0.096" /><testcase classname="tests.test_memory_path_and_context.TestRegressionSanity" name="test_journal_post_still_works" time="0.100" /><testcase classname="tests.test_memory_path_and_context.TestRegressionSanity" name="test_phases_returns_four" time="0.118" /></testsuite></testsuites>