<?xml version="1.0" encoding="utf-8"?><testsuites name="pytest tests"><testsuite name="pytest" errors="0" failures="0" skipped="0" tests="14" time="2.110" timestamp="2026-07-03T09:47:54.110092+00:00" hostname="agent-env-3b75d911-10e7-496e-a445-807079983a9f"><testcase classname="tests.test_journal_autosave_and_prompt.TestJournalUpdate" name="test_requires_auth" time="0.161" /><testcase classname="tests.test_journal_autosave_and_prompt.TestJournalUpdate" name="test_nonexistent_entry_returns_404" time="0.103" /><testcase classname="tests.test_journal_autosave_and_prompt.TestJournalUpdate" name="test_full_update_preserves_id_and_created_at" time="0.187" /><testcase classname="tests.test_journal_autosave_and_prompt.TestJournalUpdate" name="test_partial_update_only_updates_provided_fields" time="0.144" /><testcase classname="tests.test_journal_autosave_and_prompt.TestJournalUpdate" name="test_cross_user_cannot_update_returns_404" time="0.266" /><testcase classname="tests.test_journal_autosave_and_prompt.TestJournalPrompt" name="test_requires_auth" time="0.097" /><testcase classname="tests.test_journal_autosave_and_prompt.TestJournalPrompt" name="test_shape_and_recent_mood_null_when_empty" time="0.138" /><testcase classname="tests.test_journal_autosave_and_prompt.TestJournalPrompt" name="test_recent_mood_reflects_latest_entry" time="0.147" /><testcase classname="tests.test_journal_autosave_and_prompt.TestJournalPrompt" name="test_prompt_is_deterministic_within_day_for_same_user" time="0.148" /><testcase classname="tests.test_journal_autosave_and_prompt.TestRegressionSanity" name="test_post_journal_still_works" time="0.114" /><testcase classname="tests.test_journal_autosave_and_prompt.TestRegressionSanity" name="test_dashboard_still_returns_context" time="0.161" /><testcase classname="tests.test_journal_autosave_and_prompt.TestRegressionSanity" name="test_memory_path_returns_stones" time="0.184" /><testcase classname="tests.test_journal_autosave_and_prompt.TestRegressionSanity" name="test_auth_me_with_valid_bearer" time="0.110" /><testcase classname="tests.test_journal_autosave_and_prompt.TestRegressionSanity" name="test_phases_returns_4" time="0.103" /></testsuite></testsuites>