<?xml version="1.0" encoding="utf-8"?><testsuites name="pytest tests"><testsuite name="pytest" errors="0" failures="0" skipped="0" tests="24" time="3.288" timestamp="2026-07-03T08:26:37.310582+00:00" hostname="agent-env-3b75d911-10e7-496e-a445-807079983a9f"><testcase classname="test_project_life_backend" name="test_health_root" time="0.240" /><testcase classname="test_project_life_backend.TestAuthGuard" name="test_missing_auth_header_401" time="0.091" /><testcase classname="test_project_life_backend.TestAuthGuard" name="test_invalid_token_401" time="0.144" /><testcase classname="test_project_life_backend.TestAuthGuard" name="test_invalid_session_id_rejected" time="0.197" /><testcase classname="test_project_life_backend.TestAuthMe" name="test_auth_me_returns_user" time="0.124" /><testcase classname="test_project_life_backend.TestAuthMe" name="test_profile_update" time="0.125" /><testcase classname="test_project_life_backend.TestPhases" name="test_list_phases" time="0.089" /><testcase classname="test_project_life_backend.TestPhases" name="test_advance_blocked_when_requirements_not_met" time="0.127" /><testcase classname="test_project_life_backend.TestSafetyNet" name="test_add_contact" time="0.138" /><testcase classname="test_project_life_backend.TestSafetyNet" name="test_list_contacts" time="0.096" /><testcase classname="test_project_life_backend.TestSafetyNet" name="test_safety_checkin_create_and_today" time="0.166" /><testcase classname="test_project_life_backend.TestSafetyNet" name="test_crisis_resources" time="0.089" /><testcase classname="test_project_life_backend.TestJournal" name="test_create_journal" time="0.105" /><testcase classname="test_project_life_backend.TestJournal" name="test_create_second_journal_and_list" time="0.137" /><testcase classname="test_project_life_backend.TestJournal" name="test_journal_insights" time="0.095" /><testcase classname="test_project_life_backend.TestWeeklyCheckIn" name="test_create_and_list" time="0.146" /><testcase classname="test_project_life_backend.TestTherapistUploads" name="test_create_and_list_strips_base64" time="0.145" /><testcase classname="test_project_life_backend.TestMemories" name="test_create_memory_no_phase_gate" time="0.099" /><testcase classname="test_project_life_backend.TestSessionLogs" name="test_create_session_log" time="0.143" /><testcase classname="test_project_life_backend.TestSomaticPractices" name="test_list_practices" time="0.093" /><testcase classname="test_project_life_backend.TestTimeline" name="test_create_and_list" time="0.143" /><testcase classname="test_project_life_backend.TestPhaseAdvanceFlow" name="test_accept_consent_then_advance" time="0.188" /><testcase classname="test_project_life_backend.TestPhaseAdvanceFlow" name="test_delete_contact" time="0.129" /><testcase classname="test_project_life_backend.TestLogout" name="test_logout_invalidates_token" time="0.175" /></testsuite></testsuites>