<?xml version="1.0" encoding="utf-8"?><testsuites name="pytest tests"><testsuite name="pytest" errors="0" failures="0" skipped="0" tests="34" time="4.793" timestamp="2026-07-03T09:00:10.433429+00:00" hostname="agent-env-3b75d911-10e7-496e-a445-807079983a9f"><testcase classname="tests.test_project_life_backend" name="test_health_root" time="0.213" /><testcase classname="tests.test_project_life_backend.TestAuthGuard" name="test_missing_auth_header_401" time="0.125" /><testcase classname="tests.test_project_life_backend.TestAuthGuard" name="test_invalid_token_401" time="0.134" /><testcase classname="tests.test_project_life_backend.TestAuthGuard" name="test_invalid_session_id_rejected" time="0.300" /><testcase classname="tests.test_project_life_backend.TestAuthMe" name="test_auth_me_returns_user" time="0.154" /><testcase classname="tests.test_project_life_backend.TestAuthMe" name="test_profile_update" time="0.094" /><testcase classname="tests.test_project_life_backend.TestPhases" name="test_list_phases" time="0.161" /><testcase classname="tests.test_project_life_backend.TestPhases" name="test_advance_blocked_when_requirements_not_met" time="0.127" /><testcase classname="tests.test_project_life_backend.TestSafetyNet" name="test_add_contact" time="0.100" /><testcase classname="tests.test_project_life_backend.TestSafetyNet" name="test_list_contacts" time="0.101" /><testcase classname="tests.test_project_life_backend.TestSafetyNet" name="test_safety_checkin_create_and_today" time="0.230" /><testcase classname="tests.test_project_life_backend.TestSafetyNet" name="test_crisis_resources" time="0.113" /><testcase classname="tests.test_project_life_backend.TestJournal" name="test_create_journal" time="0.137" /><testcase classname="tests.test_project_life_backend.TestJournal" name="test_create_second_journal_and_list" time="0.139" /><testcase classname="tests.test_project_life_backend.TestJournal" name="test_journal_insights" time="0.097" /><testcase classname="tests.test_project_life_backend.TestWeeklyCheckIn" name="test_create_and_list" time="0.176" /><testcase classname="tests.test_project_life_backend.TestTherapistUploads" name="test_create_and_list_strips_base64" time="0.137" /><testcase classname="tests.test_project_life_backend.TestMemories" name="test_create_memory_no_phase_gate" time="0.092" /><testcase classname="tests.test_project_life_backend.TestSessionLogs" name="test_create_session_log" time="0.097" /><testcase classname="tests.test_project_life_backend.TestSomaticPractices" name="test_list_practices" time="0.097" /><testcase classname="tests.test_project_life_backend.TestTimeline" name="test_create_and_list" time="0.186" /><testcase classname="tests.test_project_life_backend.TestPhaseAdvanceFlow" name="test_accept_consent_then_advance" time="0.182" /><testcase classname="tests.test_project_life_backend.TestPhaseAdvanceFlow" name="test_delete_contact" time="0.154" /><testcase classname="tests.test_project_life_backend.TestAuthSessionRegression" name="test_session_id_with_trailing_question_mark_rejected" time="0.188" /><testcase classname="tests.test_project_life_backend.TestAuthSessionRegression" name="test_session_id_valid_shape_but_nonexistent_rejected" time="0.184" /><testcase classname="tests.test_project_life_backend.TestAuthSessionRegression" name="test_session_id_empty_string_rejected" time="0.145" /><testcase classname="tests.test_project_life_backend.TestDashboard" name="test_dashboard_requires_auth" time="0.095" /><testcase classname="tests.test_project_life_backend.TestDashboard" name="test_dashboard_shape_and_values" time="0.095" /><testcase classname="tests.test_project_life_backend.TestDashboard" name="test_dashboard_reflects_activity" time="0.097" /><testcase classname="tests.test_project_life_backend.TestStartingPhase" name="test_starting_phase_requires_auth" time="0.100" /><testcase classname="tests.test_project_life_backend.TestStartingPhase" name="test_starting_phase_rejects_zero" time="0.093" /><testcase classname="tests.test_project_life_backend.TestStartingPhase" name="test_starting_phase_rejects_four" time="0.088" /><testcase classname="tests.test_project_life_backend.TestStartingPhase" name="test_starting_phase_accepts_two_and_updates_user" time="0.138" /><testcase classname="tests.test_project_life_backend.TestLogout" name="test_logout_invalidates_token" time="0.138" /></testsuite></testsuites>